########### array before sorts ###########
0	5.000000	0.000000	145.000000	0.000000	n
1	150.000000	5.000000	150.000000	75.000000	n
2	5.000000	80.000000	145.000000	80.000000	n
3	0.000000	5.000000	0.000000	75.000000	n
4	0.000000	75.000000	0.170371	76.294095	n
5	0.170371	76.294095	0.669873	77.500000	n
6	0.669873	77.500000	1.464466	78.535534	n
7	1.464466	78.535534	2.500000	79.330127	n
8	2.500000	79.330127	3.705905	79.829629	n
9	3.705905	79.829629	5.000000	80.000000	n
10	145.000000	80.000000	146.294095	79.829629	n
11	146.294095	79.829629	147.500000	79.330127	n
12	147.500000	79.330127	148.535534	78.535534	n
13	148.535534	78.535534	149.330127	77.500000	n
14	149.330127	77.500000	149.829629	76.294095	n
15	149.829629	76.294095	150.000000	75.000000	n
16	150.000000	5.000000	149.829629	3.705905	n
17	149.829629	3.705905	149.330127	2.500000	n
18	149.330127	2.500000	148.535534	1.464466	n
19	148.535534	1.464466	147.500000	0.669873	n
20	147.500000	0.669873	146.294095	0.170371	n
21	146.294095	0.170371	145.000000	0.000000	n
22	0.000000	5.000000	0.170371	3.705905	n
23	0.170371	3.705905	0.669873	2.500000	n
24	0.669873	2.500000	1.464466	1.464466	n
25	1.464466	1.464466	2.500000	0.669873	n
26	2.500000	0.669873	3.705905	0.170371	n
27	3.705905	0.170371	5.000000	0.000000	n
28	5.000000	-90.000000	145.000000	-90.000000	n
29	150.000000	-85.000000	150.000000	-15.000000	n
30	5.000000	-10.000000	145.000000	-10.000000	n
31	0.000000	-85.000000	0.000000	-15.000000	n
32	0.000000	-15.000000	0.170371	-13.705905	n
33	0.170371	-13.705905	0.669873	-12.500000	n
34	0.669873	-12.500000	1.464466	-11.464466	n
35	1.464466	-11.464466	2.500000	-10.669873	n
36	2.500000	-10.669873	3.705905	-10.170371	n
37	3.705905	-10.170371	5.000000	-10.000000	n
38	145.000000	-10.000000	146.294095	-10.170371	n
39	146.294095	-10.170371	147.500000	-10.669873	n
40	147.500000	-10.669873	148.535534	-11.464466	n
41	148.535534	-11.464466	149.330127	-12.500000	n
42	149.330127	-12.500000	149.829629	-13.705905	n
43	149.829629	-13.705905	150.000000	-15.000000	n
44	150.000000	-85.000000	149.829629	-86.294095	n
45	149.829629	-86.294095	149.330127	-87.500000	n
46	149.330127	-87.500000	148.535534	-88.535534	n
47	148.535534	-88.535534	147.500000	-89.330127	n
48	147.500000	-89.330127	146.294095	-89.829629	n
49	146.294095	-89.829629	145.000000	-90.000000	n
50	0.000000	-85.000000	0.170371	-86.294095	n
51	0.170371	-86.294095	0.669873	-87.500000	n
52	0.669873	-87.500000	1.464466	-88.535534	n
53	1.464466	-88.535534	2.500000	-89.330127	n
54	2.500000	-89.330127	3.705905	-89.829629	n
55	3.705905	-89.829629	5.000000	-90.000000	n
Tolerance=0.050000.
*Exact match for i=0 and j=21.
*i point 5.000000	0.000000	145.000000	0.000000	y
	*Before flip 	146.294095	0.170371	145.000000	0.000000	y
	*After flip 	145.000000	0.000000	146.294095	0.170371	y
*Exact match for i=1 and j=20.
*i point 145.000000	0.000000	146.294095	0.170371	y
	*Before flip 	147.500000	0.669873	146.294095	0.170371	y
	*After flip 	146.294095	0.170371	147.500000	0.669873	y
*Exact match for i=2 and j=19.
*i point 146.294095	0.170371	147.500000	0.669873	y
	*Before flip 	148.535534	1.464466	147.500000	0.669873	y
	*After flip 	147.500000	0.669873	148.535534	1.464466	y
*Exact match for i=3 and j=18.
*i point 147.500000	0.669873	148.535534	1.464466	y
	*Before flip 	149.330127	2.500000	148.535534	1.464466	y
	*After flip 	148.535534	1.464466	149.330127	2.500000	y
*Exact match for i=4 and j=17.
*i point 148.535534	1.464466	149.330127	2.500000	y
	*Before flip 	149.829629	3.705905	149.330127	2.500000	y
	*After flip 	149.330127	2.500000	149.829629	3.705905	y
*Exact match for i=5 and j=16.
*i point 149.330127	2.500000	149.829629	3.705905	y
	*Before flip 	150.000000	5.000000	149.829629	3.705905	y
	*After flip 	149.829629	3.705905	150.000000	5.000000	y
*Exact match for i=6 and j=21.
*i point 149.829629	3.705905	150.000000	5.000000	y
*Exact match for i=7 and j=15.
*i point 150.000000	5.000000	150.000000	75.000000	y
	*Before flip 	149.829629	76.294095	150.000000	75.000000	y
	*After flip 	150.000000	75.000000	149.829629	76.294095	y
*Exact match for i=8 and j=14.
*i point 150.000000	75.000000	149.829629	76.294095	y
	*Before flip 	149.330127	77.500000	149.829629	76.294095	y
	*After flip 	149.829629	76.294095	149.330127	77.500000	y
*Exact match for i=9 and j=13.
*i point 149.829629	76.294095	149.330127	77.500000	y
	*Before flip 	148.535534	78.535534	149.330127	77.500000	y
	*After flip 	149.330127	77.500000	148.535534	78.535534	y
*Exact match for i=10 and j=12.
*i point 149.330127	77.500000	148.535534	78.535534	y
	*Before flip 	147.500000	79.330127	148.535534	78.535534	y
	*After flip 	148.535534	78.535534	147.500000	79.330127	y
*Exact match for i=11 and j=12.
*i point 148.535534	78.535534	147.500000	79.330127	y
	*Before flip 	146.294095	79.829629	147.500000	79.330127	y
	*After flip 	147.500000	79.330127	146.294095	79.829629	y
*Exact match for i=12 and j=13.
*i point 147.500000	79.330127	146.294095	79.829629	y
	*Before flip 	145.000000	80.000000	146.294095	79.829629	y
	*After flip 	146.294095	79.829629	145.000000	80.000000	y
*Exact match for i=13 and j=20.
*i point 146.294095	79.829629	145.000000	80.000000	y
	*Before flip 	5.000000	80.000000	145.000000	80.000000	y
	*After flip 	145.000000	80.000000	5.000000	80.000000	y
*Exact match for i=14 and j=20.
*i point 145.000000	80.000000	5.000000	80.000000	y
	*Before flip 	3.705905	79.829629	5.000000	80.000000	y
	*After flip 	5.000000	80.000000	3.705905	79.829629	y
*Exact match for i=15 and j=20.
*i point 5.000000	80.000000	3.705905	79.829629	y
	*Before flip 	2.500000	79.330127	3.705905	79.829629	y
	*After flip 	3.705905	79.829629	2.500000	79.330127	y
*Exact match for i=16 and j=21.
*i point 3.705905	79.829629	2.500000	79.330127	y
	*Before flip 	1.464466	78.535534	2.500000	79.330127	y
	*After flip 	2.500000	79.330127	1.464466	78.535534	y
*Exact match for i=17 and j=20.
*i point 2.500000	79.330127	1.464466	78.535534	y
	*Before flip 	0.669873	77.500000	1.464466	78.535534	y
	*After flip 	1.464466	78.535534	0.669873	77.500000	y
*Exact match for i=18 and j=21.
*i point 1.464466	78.535534	0.669873	77.500000	y
	*Before flip 	0.170371	76.294095	0.669873	77.500000	y
	*After flip 	0.669873	77.500000	0.170371	76.294095	y
*Exact match for i=19 and j=20.
*i point 0.669873	77.500000	0.170371	76.294095	y
	*Before flip 	0.000000	75.000000	0.170371	76.294095	y
	*After flip 	0.170371	76.294095	0.000000	75.000000	y
*Exact match for i=20 and j=21.
*i point 0.170371	76.294095	0.000000	75.000000	y
	*Before flip 	0.000000	5.000000	0.000000	75.000000	y
	*After flip 	0.000000	75.000000	0.000000	5.000000	y
*Exact match for i=21 and j=22.
*i point 0.000000	75.000000	0.000000	5.000000	y
*Exact match for i=22 and j=23.
*i point 0.000000	5.000000	0.170371	3.705905	y
*Exact match for i=23 and j=24.
*i point 0.170371	3.705905	0.669873	2.500000	y
*Exact match for i=24 and j=25.
*i point 0.669873	2.500000	1.464466	1.464466	y
*Exact match for i=25 and j=26.
*i point 1.464466	1.464466	2.500000	0.669873	y
*Exact match for i=26 and j=27.
*i point 2.500000	0.669873	3.705905	0.170371	y
*Exact match for i=28 and j=49.
*i point 5.000000	-90.000000	145.000000	-90.000000	y
	*Before flip 	146.294095	-89.829629	145.000000	-90.000000	y
	*After flip 	145.000000	-90.000000	146.294095	-89.829629	y
*Exact match for i=29 and j=48.
*i point 145.000000	-90.000000	146.294095	-89.829629	y
	*Before flip 	147.500000	-89.330127	146.294095	-89.829629	y
	*After flip 	146.294095	-89.829629	147.500000	-89.330127	y
*Exact match for i=30 and j=47.
*i point 146.294095	-89.829629	147.500000	-89.330127	y
	*Before flip 	148.535534	-88.535534	147.500000	-89.330127	y
	*After flip 	147.500000	-89.330127	148.535534	-88.535534	y
*Exact match for i=31 and j=46.
*i point 147.500000	-89.330127	148.535534	-88.535534	y
	*Before flip 	149.330127	-87.500000	148.535534	-88.535534	y
	*After flip 	148.535534	-88.535534	149.330127	-87.500000	y
*Exact match for i=32 and j=45.
*i point 148.535534	-88.535534	149.330127	-87.500000	y
	*Before flip 	149.829629	-86.294095	149.330127	-87.500000	y
	*After flip 	149.330127	-87.500000	149.829629	-86.294095	y
*Exact match for i=33 and j=44.
*i point 149.330127	-87.500000	149.829629	-86.294095	y
	*Before flip 	150.000000	-85.000000	149.829629	-86.294095	y
	*After flip 	149.829629	-86.294095	150.000000	-85.000000	y
*Exact match for i=34 and j=49.
*i point 149.829629	-86.294095	150.000000	-85.000000	y
*Exact match for i=35 and j=43.
*i point 150.000000	-85.000000	150.000000	-15.000000	y
	*Before flip 	149.829629	-13.705905	150.000000	-15.000000	y
	*After flip 	150.000000	-15.000000	149.829629	-13.705905	y
*Exact match for i=36 and j=42.
*i point 150.000000	-15.000000	149.829629	-13.705905	y
	*Before flip 	149.330127	-12.500000	149.829629	-13.705905	y
	*After flip 	149.829629	-13.705905	149.330127	-12.500000	y
*Exact match for i=37 and j=41.
*i point 149.829629	-13.705905	149.330127	-12.500000	y
	*Before flip 	148.535534	-11.464466	149.330127	-12.500000	y
	*After flip 	149.330127	-12.500000	148.535534	-11.464466	y
*Exact match for i=38 and j=40.
*i point 149.330127	-12.500000	148.535534	-11.464466	y
	*Before flip 	147.500000	-10.669873	148.535534	-11.464466	y
	*After flip 	148.535534	-11.464466	147.500000	-10.669873	y
*Exact match for i=39 and j=40.
*i point 148.535534	-11.464466	147.500000	-10.669873	y
	*Before flip 	146.294095	-10.170371	147.500000	-10.669873	y
	*After flip 	147.500000	-10.669873	146.294095	-10.170371	y
*Exact match for i=40 and j=41.
*i point 147.500000	-10.669873	146.294095	-10.170371	y
	*Before flip 	145.000000	-10.000000	146.294095	-10.170371	y
	*After flip 	146.294095	-10.170371	145.000000	-10.000000	y
*Exact match for i=41 and j=48.
*i point 146.294095	-10.170371	145.000000	-10.000000	y
	*Before flip 	5.000000	-10.000000	145.000000	-10.000000	y
	*After flip 	145.000000	-10.000000	5.000000	-10.000000	y
*Exact match for i=42 and j=48.
*i point 145.000000	-10.000000	5.000000	-10.000000	y
	*Before flip 	3.705905	-10.170371	5.000000	-10.000000	y
	*After flip 	5.000000	-10.000000	3.705905	-10.170371	y
*Exact match for i=43 and j=48.
*i point 5.000000	-10.000000	3.705905	-10.170371	y
	*Before flip 	2.500000	-10.669873	3.705905	-10.170371	y
	*After flip 	3.705905	-10.170371	2.500000	-10.669873	y
*Exact match for i=44 and j=49.
*i point 3.705905	-10.170371	2.500000	-10.669873	y
	*Before flip 	1.464466	-11.464466	2.500000	-10.669873	y
	*After flip 	2.500000	-10.669873	1.464466	-11.464466	y
*Exact match for i=45 and j=48.
*i point 2.500000	-10.669873	1.464466	-11.464466	y
	*Before flip 	0.669873	-12.500000	1.464466	-11.464466	y
	*After flip 	1.464466	-11.464466	0.669873	-12.500000	y
*Exact match for i=46 and j=49.
*i point 1.464466	-11.464466	0.669873	-12.500000	y
	*Before flip 	0.170371	-13.705905	0.669873	-12.500000	y
	*After flip 	0.669873	-12.500000	0.170371	-13.705905	y
*Exact match for i=47 and j=48.
*i point 0.669873	-12.500000	0.170371	-13.705905	y
	*Before flip 	0.000000	-15.000000	0.170371	-13.705905	y
	*After flip 	0.170371	-13.705905	0.000000	-15.000000	y
*Exact match for i=48 and j=49.
*i point 0.170371	-13.705905	0.000000	-15.000000	y
	*Before flip 	0.000000	-85.000000	0.000000	-15.000000	y
	*After flip 	0.000000	-15.000000	0.000000	-85.000000	y
*Exact match for i=49 and j=50.
*i point 0.000000	-15.000000	0.000000	-85.000000	y
*Exact match for i=50 and j=51.
*i point 0.000000	-85.000000	0.170371	-86.294095	y
*Exact match for i=51 and j=52.
*i point 0.170371	-86.294095	0.669873	-87.500000	y
*Exact match for i=52 and j=53.
*i point 0.669873	-87.500000	1.464466	-88.535534	y
*Exact match for i=53 and j=54.
*i point 1.464466	-88.535534	2.500000	-89.330127	y
*Exact match for i=54 and j=55.
*i point 2.500000	-89.330127	3.705905	-89.829629	y
########### array after sorts ###########
0	5.000000	0.000000	145.000000	0.000000	y
1	145.000000	0.000000	146.294095	0.170371	y
2	146.294095	0.170371	147.500000	0.669873	y
3	147.500000	0.669873	148.535534	1.464466	y
4	148.535534	1.464466	149.330127	2.500000	y
5	149.330127	2.500000	149.829629	3.705905	y
6	149.829629	3.705905	150.000000	5.000000	y
7	150.000000	5.000000	150.000000	75.000000	y
8	150.000000	75.000000	149.829629	76.294095	y
9	149.829629	76.294095	149.330127	77.500000	y
10	149.330127	77.500000	148.535534	78.535534	y
11	148.535534	78.535534	147.500000	79.330127	y
12	147.500000	79.330127	146.294095	79.829629	y
13	146.294095	79.829629	145.000000	80.000000	y
14	145.000000	80.000000	5.000000	80.000000	y
15	5.000000	80.000000	3.705905	79.829629	y
16	3.705905	79.829629	2.500000	79.330127	y
17	2.500000	79.330127	1.464466	78.535534	y
18	1.464466	78.535534	0.669873	77.500000	y
19	0.669873	77.500000	0.170371	76.294095	y
20	0.170371	76.294095	0.000000	75.000000	y
21	0.000000	75.000000	0.000000	5.000000	y
22	0.000000	5.000000	0.170371	3.705905	y
23	0.170371	3.705905	0.669873	2.500000	y
24	0.669873	2.500000	1.464466	1.464466	y
25	1.464466	1.464466	2.500000	0.669873	y
26	2.500000	0.669873	3.705905	0.170371	y
27	3.705905	0.170371	5.000000	0.000000	y
28	5.000000	-90.000000	145.000000	-90.000000	y
29	145.000000	-90.000000	146.294095	-89.829629	y
30	146.294095	-89.829629	147.500000	-89.330127	y
31	147.500000	-89.330127	148.535534	-88.535534	y
32	148.535534	-88.535534	149.330127	-87.500000	y
33	149.330127	-87.500000	149.829629	-86.294095	y
34	149.829629	-86.294095	150.000000	-85.000000	y
35	150.000000	-85.000000	150.000000	-15.000000	y
36	150.000000	-15.000000	149.829629	-13.705905	y
37	149.829629	-13.705905	149.330127	-12.500000	y
38	149.330127	-12.500000	148.535534	-11.464466	y
39	148.535534	-11.464466	147.500000	-10.669873	y
40	147.500000	-10.669873	146.294095	-10.170371	y
41	146.294095	-10.170371	145.000000	-10.000000	y
42	145.000000	-10.000000	5.000000	-10.000000	y
43	5.000000	-10.000000	3.705905	-10.170371	y
44	3.705905	-10.170371	2.500000	-10.669873	y
45	2.500000	-10.669873	1.464466	-11.464466	y
46	1.464466	-11.464466	0.669873	-12.500000	y
47	0.669873	-12.500000	0.170371	-13.705905	y
48	0.170371	-13.705905	0.000000	-15.000000	y
49	0.000000	-15.000000	0.000000	-85.000000	y
50	0.000000	-85.000000	0.170371	-86.294095	y
51	0.170371	-86.294095	0.669873	-87.500000	y
52	0.669873	-87.500000	1.464466	-88.535534	y
53	1.464466	-88.535534	2.500000	-89.330127	y
54	2.500000	-89.330127	3.705905	-89.829629	y
55	3.705905	-89.829629	5.000000	-90.000000	y
***************
.BOARD_OUTLINE UNOWNED
1.6
0     5.000000     0.000000     0
0     145.000000     0.000000     0
0     146.294095     0.170371     0
0     147.500000     0.669873     0
0     148.535534     1.464466     0
0     149.330127     2.500000     0
0     149.829629     3.705905     0
0     150.000000     5.000000     0
0     150.000000     75.000000     0
0     149.829629     76.294095     0
0     149.330127     77.500000     0
0     148.535534     78.535534     0
0     147.500000     79.330127     0
0     146.294095     79.829629     0
0     145.000000     80.000000     0
0     5.000000     80.000000     0
0     3.705905     79.829629     0
0     2.500000     79.330127     0
0     1.464466     78.535534     0
0     0.669873     77.500000     0
0     0.170371     76.294095     0
0     0.000000     75.000000     0
0     0.000000     5.000000     0
0     0.170371     3.705905     0
0     0.669873     2.500000     0
0     1.464466     1.464466     0
0     2.500000     0.669873     0
0     3.705905     0.170371     0
0     5.000000     0.000000     0
1     5.000000     -90.000000     0
1     145.000000     -90.000000     0
1     146.294095     -89.829629     0
1     147.500000     -89.330127     0
1     148.535534     -88.535534     0
1     149.330127     -87.500000     0
1     149.829629     -86.294095     0
1     150.000000     -85.000000     0
1     150.000000     -15.000000     0
1     149.829629     -13.705905     0
1     149.330127     -12.500000     0
1     148.535534     -11.464466     0
1     147.500000     -10.669873     0
1     146.294095     -10.170371     0
1     145.000000     -10.000000     0
1     5.000000     -10.000000     0
1     3.705905     -10.170371     0
1     2.500000     -10.669873     0
1     1.464466     -11.464466     0
1     0.669873     -12.500000     0
1     0.170371     -13.705905     0
1     0.000000     -15.000000     0
1     0.000000     -85.000000     0
1     0.170371     -86.294095     0
1     0.669873     -87.500000     0
1     1.464466     -88.535534     0
1     2.500000     -89.330127     0
1     3.705905     -89.829629     0
1     5.000000     -90.000000     0
